<?xml version="1.0" encoding="UTF-8"?>
<testng-results skipped="0" failed="0" total="5" passed="5">
  <reporter-output>
  </reporter-output>
  <suite name="PWCMSUITE" duration-ms="45880" started-at="2016-05-15T11:01:57Z" finished-at="2016-05-15T11:02:43Z">
    <groups>
    </groups>
    <test name="PWCMTEST" duration-ms="45880" started-at="2016-05-15T11:01:57Z" finished-at="2016-05-15T11:02:43Z">
      <class name="com.dakinfotech.Prototype.Sprint110">
        <test-method status="PASS" signature="test4(java.lang.String, java.lang.String, java.lang.String, java.lang.String, java.lang.String, java.lang.String, java.lang.String, java.lang.String, java.lang.String, java.lang.String, java.lang.String, java.lang.String, java.lang.String)[pri:0, instance:com.dakinfotech.Prototype.Sprint110@28feb3fa]" name="test4" duration-ms="16981" started-at="2016-05-15T16:32:17Z" data-provider="Regiss" finished-at="2016-05-15T16:32:34Z">
          <params>
            <param index="0">
              <value>
                <![CDATA[Ilamukil]]>
              </value>
            </param>
            <param index="1">
              <value>
                <![CDATA[Arunkumar]]>
              </value>
            </param>
            <param index="2">
              <value>
                <![CDATA[9884970793]]>
              </value>
            </param>
            <param index="3">
              <value>
                <![CDATA[ilamukil@gmail.com]]>
              </value>
            </param>
            <param index="4">
              <value>
                <![CDATA[Redhills]]>
              </value>
            </param>
            <param index="5">
              <value>
                <![CDATA[Villivakkam]]>
              </value>
            </param>
            <param index="6">
              <value>
                <![CDATA[Chennai]]>
              </value>
            </param>
            <param index="7">
              <value>
                <![CDATA[Tamilnadu]]>
              </value>
            </param>
            <param index="8">
              <value>
                <![CDATA[600040]]>
              </value>
            </param>
            <param index="9">
              <value>
                <![CDATA[INDIA]]>
              </value>
            </param>
            <param index="10">
              <value>
                <![CDATA[ilamukil@gmail.com]]>
              </value>
            </param>
            <param index="11">
              <value>
                <![CDATA[pass1234]]>
              </value>
            </param>
            <param index="12">
              <value>
                <![CDATA[pass1234]]>
              </value>
            </param>
          </params>
          <reporter-output>
          </reporter-output>
        </test-method> <!-- test4 -->
        <test-method status="PASS" signature="tearDown(org.testng.ITestResult)[pri:0, instance:com.dakinfotech.Prototype.Sprint110@28feb3fa]" name="tearDown" is-config="true" duration-ms="33" started-at="2016-05-15T16:32:34Z" finished-at="2016-05-15T16:32:34Z">
          <params>
            <param index="0">
              <value>
                <![CDATA[[TestResult name=test4 status=SUCCESS method=Sprint110.test4(java.lang.String, java.lang.String, java.lang.String, java.lang.String, java.lang.String, java.lang.String, java.lang.String, java.lang.String, java.lang.String, java.lang.String, java.lang.String, java.lang.String, java.lang.String)[pri:0, instance:com.dakinfotech.Prototype.Sprint110@28feb3fa] output={null}]]]>
              </value>
            </param>
          </params>
          <reporter-output>
          </reporter-output>
        </test-method> <!-- tearDown -->
        <test-method status="PASS" signature="closebrowser()[pri:0, instance:com.dakinfotech.Prototype.Sprint110@28feb3fa]" name="closebrowser" is-config="true" duration-ms="11" started-at="2016-05-15T16:32:34Z" finished-at="2016-05-15T16:32:34Z">
          <reporter-output>
          </reporter-output>
        </test-method> <!-- closebrowser -->
      </class> <!-- com.dakinfotech.Prototype.Sprint110 -->
      <class name="com.dakinfotech.Prototype.Openreports">
        <test-method status="PASS" signature="Advreport()[pri:0, instance:com.dakinfotech.Prototype.Openreports@68be2bc2]" name="Advreport" duration-ms="8851" started-at="2016-05-15T16:32:34Z" finished-at="2016-05-15T16:32:43Z">
          <reporter-output>
          </reporter-output>
        </test-method> <!-- Advreport -->
      </class> <!-- com.dakinfotech.Prototype.Openreports -->
      <class name="com.dakinfotech.Prototype.Sprint108">
        <test-method status="PASS" signature="test1()[pri:0, instance:com.dakinfotech.Prototype.Sprint108@9629756]" name="test1" duration-ms="10323" started-at="2016-05-15T16:31:57Z" finished-at="2016-05-15T16:32:07Z">
          <reporter-output>
          </reporter-output>
        </test-method> <!-- test1 -->
        <test-method status="PASS" signature="tearDown(org.testng.ITestResult)[pri:0, instance:com.dakinfotech.Prototype.Sprint108@9629756]" name="tearDown" is-config="true" duration-ms="56" started-at="2016-05-15T16:32:08Z" finished-at="2016-05-15T16:32:08Z">
          <params>
            <param index="0">
              <value>
                <![CDATA[[TestResult name=test1 status=SUCCESS method=Sprint108.test1()[pri:0, instance:com.dakinfotech.Prototype.Sprint108@9629756] output={null}]]]>
              </value>
            </param>
          </params>
          <reporter-output>
          </reporter-output>
        </test-method> <!-- tearDown -->
        <test-method status="PASS" signature="test2()[pri:0, instance:com.dakinfotech.Prototype.Sprint108@9629756]" name="test2" duration-ms="238" started-at="2016-05-15T16:32:08Z" finished-at="2016-05-15T16:32:08Z">
          <reporter-output>
          </reporter-output>
        </test-method> <!-- test2 -->
        <test-method status="PASS" signature="tearDown(org.testng.ITestResult)[pri:0, instance:com.dakinfotech.Prototype.Sprint108@9629756]" name="tearDown" is-config="true" duration-ms="43" started-at="2016-05-15T16:32:08Z" finished-at="2016-05-15T16:32:08Z">
          <params>
            <param index="0">
              <value>
                <![CDATA[[TestResult name=test2 status=SUCCESS method=Sprint108.test2()[pri:0, instance:com.dakinfotech.Prototype.Sprint108@9629756] output={null}]]]>
              </value>
            </param>
          </params>
          <reporter-output>
          </reporter-output>
        </test-method> <!-- tearDown -->
        <test-method status="PASS" signature="test3(java.lang.String, java.lang.String, java.lang.String, java.lang.String, java.lang.String, java.lang.String, java.lang.String, java.lang.String, java.lang.String, java.lang.String, java.lang.String, java.lang.String, java.lang.String)[pri:0, instance:com.dakinfotech.Prototype.Sprint108@9629756]" name="test3" duration-ms="8957" started-at="2016-05-15T16:32:08Z" data-provider="Regiss" finished-at="2016-05-15T16:32:17Z">
          <params>
            <param index="0">
              <value>
                <![CDATA[Arun]]>
              </value>
            </param>
            <param index="1">
              <value>
                <![CDATA[Kumar]]>
              </value>
            </param>
            <param index="2">
              <value>
                <![CDATA[9884570793]]>
              </value>
            </param>
            <param index="3">
              <value>
                <![CDATA[arund87@gmail.com]]>
              </value>
            </param>
            <param index="4">
              <value>
                <![CDATA[Redhills]]>
              </value>
            </param>
            <param index="5">
              <value>
                <![CDATA[Villivakkam]]>
              </value>
            </param>
            <param index="6">
              <value>
                <![CDATA[Chennai]]>
              </value>
            </param>
            <param index="7">
              <value>
                <![CDATA[Tamilnadu]]>
              </value>
            </param>
            <param index="8">
              <value>
                <![CDATA[600040]]>
              </value>
            </param>
            <param index="9">
              <value>
                <![CDATA[INDIA]]>
              </value>
            </param>
            <param index="10">
              <value>
                <![CDATA[arund87@gmail.com]]>
              </value>
            </param>
            <param index="11">
              <value>
                <![CDATA[pass123]]>
              </value>
            </param>
            <param index="12">
              <value>
                <![CDATA[pass123]]>
              </value>
            </param>
          </params>
          <reporter-output>
          </reporter-output>
        </test-method> <!-- test3 -->
        <test-method status="PASS" signature="tearDown(org.testng.ITestResult)[pri:0, instance:com.dakinfotech.Prototype.Sprint108@9629756]" name="tearDown" is-config="true" duration-ms="33" started-at="2016-05-15T16:32:17Z" finished-at="2016-05-15T16:32:17Z">
          <params>
            <param index="0">
              <value>
                <![CDATA[[TestResult name=test3 status=SUCCESS method=Sprint108.test3(java.lang.String, java.lang.String, java.lang.String, java.lang.String, java.lang.String, java.lang.String, java.lang.String, java.lang.String, java.lang.String, java.lang.String, java.lang.String, java.lang.String, java.lang.String)[pri:0, instance:com.dakinfotech.Prototype.Sprint108@9629756] output={null}]]]>
              </value>
            </param>
          </params>
          <reporter-output>
          </reporter-output>
        </test-method> <!-- tearDown -->
        <test-method status="PASS" signature="closebrowser()[pri:0, instance:com.dakinfotech.Prototype.Sprint108@9629756]" name="closebrowser" is-config="true" duration-ms="25" started-at="2016-05-15T16:32:17Z" finished-at="2016-05-15T16:32:17Z">
          <reporter-output>
          </reporter-output>
        </test-method> <!-- closebrowser -->
      </class> <!-- com.dakinfotech.Prototype.Sprint108 -->
    </test> <!-- PWCMTEST -->
  </suite> <!-- PWCMSUITE -->
</testng-results>
