<?xml version="1.0" encoding="UTF-8"?>
<testng-results skipped="0" failed="0" total="6" passed="6">
  <reporter-output>
  </reporter-output>
  <suite name="Suite" duration-ms="12832" started-at="2016-05-14T18:58:28Z" finished-at="2016-05-14T18:58:41Z">
    <groups>
    </groups>
    <test name="Test" duration-ms="12832" started-at="2016-05-14T18:58:28Z" finished-at="2016-05-14T18:58:41Z">
      <class name="com.dakinfotech.Prototype.Sprint110">
        <test-method status="PASS" signature="test4()[pri:0, instance:com.dakinfotech.Prototype.Sprint110@4520ebad]" name="test4" duration-ms="109" started-at="2016-05-15T00:28:29Z" finished-at="2016-05-15T00:28:29Z">
          <reporter-output>
          </reporter-output>
        </test-method> <!-- test4 -->
        <test-method status="PASS" signature="test5()[pri:0, instance:com.dakinfotech.Prototype.Sprint110@4520ebad]" name="test5" duration-ms="201" started-at="2016-05-15T00:28:29Z" finished-at="2016-05-15T00:28:29Z">
          <reporter-output>
          </reporter-output>
        </test-method> <!-- test5 -->
        <test-method status="PASS" signature="test6()[pri:0, instance:com.dakinfotech.Prototype.Sprint110@4520ebad]" name="test6" duration-ms="94" started-at="2016-05-15T00:28:29Z" finished-at="2016-05-15T00:28:29Z">
          <reporter-output>
          </reporter-output>
        </test-method> <!-- test6 -->
        <test-method status="PASS" signature="openreports()[pri:0, instance:com.dakinfotech.Prototype.Sprint110@4520ebad]" name="openreports" is-config="true" duration-ms="11303" started-at="2016-05-15T00:28:29Z" finished-at="2016-05-15T00:28:41Z">
          <reporter-output>
          </reporter-output>
        </test-method> <!-- openreports -->
      </class> <!-- com.dakinfotech.Prototype.Sprint110 -->
      <class name="com.dakinfotech.Prototype.Sprint108">
        <test-method status="PASS" signature="test1()[pri:0, instance:com.dakinfotech.Prototype.Sprint108@5dfcfece]" name="test1" duration-ms="673" started-at="2016-05-15T00:28:28Z" finished-at="2016-05-15T00:28:29Z">
          <reporter-output>
          </reporter-output>
        </test-method> <!-- test1 -->
        <test-method status="PASS" signature="test2()[pri:0, instance:com.dakinfotech.Prototype.Sprint108@5dfcfece]" name="test2" duration-ms="250" started-at="2016-05-15T00:28:29Z" finished-at="2016-05-15T00:28:29Z">
          <reporter-output>
          </reporter-output>
        </test-method> <!-- test2 -->
        <test-method status="PASS" signature="test3()[pri:0, instance:com.dakinfotech.Prototype.Sprint108@5dfcfece]" name="test3" duration-ms="125" started-at="2016-05-15T00:28:29Z" finished-at="2016-05-15T00:28:29Z">
          <reporter-output>
          </reporter-output>
        </test-method> <!-- test3 -->
      </class> <!-- com.dakinfotech.Prototype.Sprint108 -->
    </test> <!-- Test -->
  </suite> <!-- Suite -->
</testng-results>
