<?xml version="1.0" encoding="UTF-8"?>
<!-- Generated by org.testng.reporters.JUnitXMLReporter -->
<testsuite hostname="01HW510223" name="Default test" tests="3" failures="0" timestamp="18 May 2016 11:35:50 GMT" time="42.985" errors="0">
  <testcase name="test1" time="21.071" classname="com.dakinfotecz.pwcm.Sprint108"/>
  <testcase name="test2" time="0.157" classname="com.dakinfotecz.pwcm.Sprint108"/>
  <testcase name="test3" time="21.21" classname="com.dakinfotecz.pwcm.Sprint108"/>
</testsuite> <!-- Default test -->
