<?xml version="1.0" encoding="UTF-8"?>
<!-- Generated by org.testng.reporters.JUnitXMLReporter -->
<testsuite hostname="Mukil" name="Test" tests="5" failures="0" timestamp="15 May 2016 09:48:29 GMT" time="46.018" errors="0">
  <testcase name="test1" time="8.625" classname="com.dakinfotech.Prototype.Sprint108"/>
  <testcase name="test2" time="0.232" classname="com.dakinfotech.Prototype.Sprint108"/>
  <testcase name="test3" time="9.343" classname="com.dakinfotech.Prototype.Sprint108"/>
  <testcase name="test4" time="17.992" classname="com.dakinfotech.Prototype.Sprint110"/>
  <testcase name="Advreport" time="9.352" classname="com.dakinfotech.Prototype.Openreports"/>
</testsuite> <!-- Test -->
