<?xml version="1.0" encoding="UTF-8"?>
<!-- Generated by org.testng.reporters.JUnitXMLReporter -->
<testsuite hostname="01HW510223" name="TestPWCM" tests="5" failures="0" timestamp="18 May 2016 12:08:49 GMT" time="69.952" errors="0">
  <testcase name="test1" time="12.47" classname="com.dakinfotecz.pwcm.Sprint108"/>
  <testcase name="test2" time="0.154" classname="com.dakinfotecz.pwcm.Sprint108"/>
  <testcase name="test3" time="13.97" classname="com.dakinfotecz.pwcm.Sprint108"/>
  <testcase name="test4" time="22.713" classname="com.dakinfotecz.pwcm.Sprint110"/>
  <testcase name="Advreport" time="20.17" classname="com.dakinfotecz.pwcm.Openreports"/>
</testsuite> <!-- TestPWCM -->
