<?xml version="1.0" encoding="UTF-8"?>
<!-- Generated by org.testng.reporters.JUnitXMLReporter -->
<testsuite hostname="Mukil" name="PWCMTEST" tests="5" failures="0" timestamp="15 May 2016 11:02:43 GMT" time="45.88" errors="0">
  <testcase name="test1" time="10.323" classname="com.dakinfotech.Prototype.Sprint108"/>
  <testcase name="test2" time="0.238" classname="com.dakinfotech.Prototype.Sprint108"/>
  <testcase name="test3" time="8.957" classname="com.dakinfotech.Prototype.Sprint108"/>
  <testcase name="test4" time="16.981" classname="com.dakinfotech.Prototype.Sprint110"/>
  <testcase name="Advreport" time="8.851" classname="com.dakinfotech.Prototype.Openreports"/>
</testsuite> <!-- PWCMTEST -->
