<?xml version="1.0" encoding="UTF-8"?>
<!-- Generated by org.testng.reporters.JUnitXMLReporter -->
<testsuite hostname="Mukil" name="Test" tests="7" failures="0" timestamp="15 May 2016 08:21:37 GMT" time="11.313" errors="0">
  <testcase name="test1" time="0.468" classname="com.dakinfotech.Prototype.Sprint108"/>
  <testcase name="test2" time="0.163" classname="com.dakinfotech.Prototype.Sprint108"/>
  <testcase name="test3" time="0.104" classname="com.dakinfotech.Prototype.Sprint108"/>
  <testcase name="test4" time="0.078" classname="com.dakinfotech.Prototype.Sprint110"/>
  <testcase name="test5" time="0.078" classname="com.dakinfotech.Prototype.Sprint110"/>
  <testcase name="test6" time="0.078" classname="com.dakinfotech.Prototype.Sprint110"/>
  <testcase name="Advreport" time="10.309" classname="com.dakinfotech.Prototype.Openreports"/>
</testsuite> <!-- Test -->
