<?xml version="1.0" encoding="UTF-8"?>
<!-- Generated by org.testng.reporters.JUnitXMLReporter -->
<testsuite hostname="Mukil" name="Test" tests="6" failures="0" timestamp="14 May 2016 18:58:41 GMT" time="12.832" errors="0">
  <testcase name="test1" time="0.673" classname="com.dakinfotech.Prototype.Sprint108"/>
  <testcase name="test2" time="0.25" classname="com.dakinfotech.Prototype.Sprint108"/>
  <testcase name="test3" time="0.125" classname="com.dakinfotech.Prototype.Sprint108"/>
  <testcase name="test4" time="0.109" classname="com.dakinfotech.Prototype.Sprint110"/>
  <testcase name="test5" time="0.201" classname="com.dakinfotech.Prototype.Sprint110"/>
  <testcase name="test6" time="0.094" classname="com.dakinfotech.Prototype.Sprint110"/>
</testsuite> <!-- Test -->
