<?xml version="1.0" encoding="UTF-8"?>
<testng-results skipped="0" failed="0" total="5" passed="5">
  <reporter-output>
  </reporter-output>
  <suite name="SuitePWCM" duration-ms="71596" started-at="2016-05-18T12:38:03Z" finished-at="2016-05-18T12:39:15Z">
    <groups>
    </groups>
    <test name="TestPWCM" duration-ms="71596" started-at="2016-05-18T12:38:03Z" finished-at="2016-05-18T12:39:15Z">
      <class name="com.dakinfotecz.pwcm.Sprint108">
        <test-method status="PASS" signature="test1()[pri:0, instance:com.dakinfotecz.pwcm.Sprint108@19b7aeb]" name="test1" duration-ms="13230" started-at="2016-05-18T18:08:03Z" finished-at="2016-05-18T18:08:16Z">
          <reporter-output>
          </reporter-output>
        </test-method> <!-- test1 -->
        <test-method status="PASS" signature="tearDown(org.testng.ITestResult)[pri:0, instance:com.dakinfotecz.pwcm.Sprint108@19b7aeb]" name="tearDown" is-config="true" duration-ms="98" started-at="2016-05-18T18:08:16Z" finished-at="2016-05-18T18:08:16Z">
          <params>
            <param index="0">
              <value>
                <![CDATA[[TestResult name=test1 status=SUCCESS method=Sprint108.test1()[pri:0, instance:com.dakinfotecz.pwcm.Sprint108@19b7aeb] output={null}]]]>
              </value>
            </param>
          </params>
          <reporter-output>
          </reporter-output>
        </test-method> <!-- tearDown -->
        <test-method status="PASS" signature="test2()[pri:0, instance:com.dakinfotecz.pwcm.Sprint108@19b7aeb]" name="test2" duration-ms="182" started-at="2016-05-18T18:08:16Z" finished-at="2016-05-18T18:08:17Z">
          <reporter-output>
          </reporter-output>
        </test-method> <!-- test2 -->
        <test-method status="PASS" signature="tearDown(org.testng.ITestResult)[pri:0, instance:com.dakinfotecz.pwcm.Sprint108@19b7aeb]" name="tearDown" is-config="true" duration-ms="35" started-at="2016-05-18T18:08:17Z" finished-at="2016-05-18T18:08:17Z">
          <params>
            <param index="0">
              <value>
                <![CDATA[[TestResult name=test2 status=SUCCESS method=Sprint108.test2()[pri:0, instance:com.dakinfotecz.pwcm.Sprint108@19b7aeb] output={null}]]]>
              </value>
            </param>
          </params>
          <reporter-output>
          </reporter-output>
        </test-method> <!-- tearDown -->
        <test-method status="PASS" signature="test3(java.lang.String, java.lang.String, java.lang.String, java.lang.String, java.lang.String, java.lang.String, java.lang.String, java.lang.String, java.lang.String, java.lang.String, java.lang.String, java.lang.String, java.lang.String)[pri:0, instance:com.dakinfotecz.pwcm.Sprint108@19b7aeb]" name="test3" duration-ms="13697" started-at="2016-05-18T18:08:17Z" data-provider="Regiss" finished-at="2016-05-18T18:08:31Z">
          <params>
            <param index="0">
              <value>
                <![CDATA[Arun]]>
              </value>
            </param>
            <param index="1">
              <value>
                <![CDATA[Kumar]]>
              </value>
            </param>
            <param index="2">
              <value>
                <![CDATA[9884570793]]>
              </value>
            </param>
            <param index="3">
              <value>
                <![CDATA[arund87@gmail.com]]>
              </value>
            </param>
            <param index="4">
              <value>
                <![CDATA[Redhills]]>
              </value>
            </param>
            <param index="5">
              <value>
                <![CDATA[Villivakkam]]>
              </value>
            </param>
            <param index="6">
              <value>
                <![CDATA[Chennai]]>
              </value>
            </param>
            <param index="7">
              <value>
                <![CDATA[Tamilnadu]]>
              </value>
            </param>
            <param index="8">
              <value>
                <![CDATA[600040]]>
              </value>
            </param>
            <param index="9">
              <value>
                <![CDATA[INDIA]]>
              </value>
            </param>
            <param index="10">
              <value>
                <![CDATA[arund87@gmail.com]]>
              </value>
            </param>
            <param index="11">
              <value>
                <![CDATA[pass123]]>
              </value>
            </param>
            <param index="12">
              <value>
                <![CDATA[pass123]]>
              </value>
            </param>
          </params>
          <reporter-output>
          </reporter-output>
        </test-method> <!-- test3 -->
        <test-method status="PASS" signature="tearDown(org.testng.ITestResult)[pri:0, instance:com.dakinfotecz.pwcm.Sprint108@19b7aeb]" name="tearDown" is-config="true" duration-ms="27" started-at="2016-05-18T18:08:31Z" finished-at="2016-05-18T18:08:31Z">
          <params>
            <param index="0">
              <value>
                <![CDATA[[TestResult name=test3 status=SUCCESS method=Sprint108.test3(java.lang.String, java.lang.String, java.lang.String, java.lang.String, java.lang.String, java.lang.String, java.lang.String, java.lang.String, java.lang.String, java.lang.String, java.lang.String, java.lang.String, java.lang.String)[pri:0, instance:com.dakinfotecz.pwcm.Sprint108@19b7aeb] output={null}]]]>
              </value>
            </param>
          </params>
          <reporter-output>
          </reporter-output>
        </test-method> <!-- tearDown -->
        <test-method status="PASS" signature="closebrowser()[pri:0, instance:com.dakinfotecz.pwcm.Sprint108@19b7aeb]" name="closebrowser" is-config="true" duration-ms="10" started-at="2016-05-18T18:08:31Z" finished-at="2016-05-18T18:08:31Z">
          <reporter-output>
          </reporter-output>
        </test-method> <!-- closebrowser -->
      </class> <!-- com.dakinfotecz.pwcm.Sprint108 -->
      <class name="com.dakinfotecz.pwcm.Openreports">
        <test-method status="PASS" signature="Advreport()[pri:0, instance:com.dakinfotecz.pwcm.Openreports@14cf1b9]" name="Advreport" duration-ms="17871" started-at="2016-05-18T18:08:57Z" finished-at="2016-05-18T18:09:15Z">
          <reporter-output>
          </reporter-output>
        </test-method> <!-- Advreport -->
      </class> <!-- com.dakinfotecz.pwcm.Openreports -->
      <class name="com.dakinfotecz.pwcm.Sprint110">
        <test-method status="PASS" signature="test4(java.lang.String, java.lang.String, java.lang.String, java.lang.String, java.lang.String, java.lang.String, java.lang.String, java.lang.String, java.lang.String, java.lang.String, java.lang.String, java.lang.String, java.lang.String)[pri:0, instance:com.dakinfotecz.pwcm.Sprint110@94a05c]" name="test4" duration-ms="26205" started-at="2016-05-18T18:08:31Z" data-provider="Regiss" finished-at="2016-05-18T18:08:57Z">
          <params>
            <param index="0">
              <value>
                <![CDATA[Ilamukil]]>
              </value>
            </param>
            <param index="1">
              <value>
                <![CDATA[Arunkumar]]>
              </value>
            </param>
            <param index="2">
              <value>
                <![CDATA[9884970793]]>
              </value>
            </param>
            <param index="3">
              <value>
                <![CDATA[ilamukil@gmail.com]]>
              </value>
            </param>
            <param index="4">
              <value>
                <![CDATA[Redhills]]>
              </value>
            </param>
            <param index="5">
              <value>
                <![CDATA[Villivakkam]]>
              </value>
            </param>
            <param index="6">
              <value>
                <![CDATA[Chennai]]>
              </value>
            </param>
            <param index="7">
              <value>
                <![CDATA[Tamilnadu]]>
              </value>
            </param>
            <param index="8">
              <value>
                <![CDATA[600040]]>
              </value>
            </param>
            <param index="9">
              <value>
                <![CDATA[INDIA]]>
              </value>
            </param>
            <param index="10">
              <value>
                <![CDATA[ilamukil@gmail.com]]>
              </value>
            </param>
            <param index="11">
              <value>
                <![CDATA[pass1234]]>
              </value>
            </param>
            <param index="12">
              <value>
                <![CDATA[pass1234]]>
              </value>
            </param>
          </params>
          <reporter-output>
          </reporter-output>
        </test-method> <!-- test4 -->
        <test-method status="PASS" signature="tearDown(org.testng.ITestResult)[pri:0, instance:com.dakinfotecz.pwcm.Sprint110@94a05c]" name="tearDown" is-config="true" duration-ms="26" started-at="2016-05-18T18:08:57Z" finished-at="2016-05-18T18:08:57Z">
          <params>
            <param index="0">
              <value>
                <![CDATA[[TestResult name=test4 status=SUCCESS method=Sprint110.test4(java.lang.String, java.lang.String, java.lang.String, java.lang.String, java.lang.String, java.lang.String, java.lang.String, java.lang.String, java.lang.String, java.lang.String, java.lang.String, java.lang.String, java.lang.String)[pri:0, instance:com.dakinfotecz.pwcm.Sprint110@94a05c] output={null}]]]>
              </value>
            </param>
          </params>
          <reporter-output>
          </reporter-output>
        </test-method> <!-- tearDown -->
        <test-method status="PASS" signature="closebrowser()[pri:0, instance:com.dakinfotecz.pwcm.Sprint110@94a05c]" name="closebrowser" is-config="true" duration-ms="13" started-at="2016-05-18T18:08:57Z" finished-at="2016-05-18T18:08:57Z">
          <reporter-output>
          </reporter-output>
        </test-method> <!-- closebrowser -->
      </class> <!-- com.dakinfotecz.pwcm.Sprint110 -->
    </test> <!-- TestPWCM -->
  </suite> <!-- SuitePWCM -->
</testng-results>
