<?xml version="1.0" encoding="UTF-8"?>
<testsuite name="TestSuite" time="69.479" tests="5" errors="0" skipped="0" failures="0">
  <properties>
[...]
</properties>
  <testcase name="test1" classname="com.dakinfotecz.pwcm.Sprint108" time="12.471"/>
  <testcase name="test2" classname="com.dakinfotecz.pwcm.Sprint108" time="0.155"/>
  <testcase name="test3" classname="com.dakinfotecz.pwcm.Sprint108" time="13.97"/>
  <testcase name="test4" classname="com.dakinfotecz.pwcm.Sprint110" time="22.713"/>
  <testcase name="Advreport" classname="com.dakinfotecz.pwcm.Openreports" time="20.17"/>
</testsuite>