<?xml version="1.0" encoding="UTF-8"?>
<!-- Generated by org.testng.reporters.JUnitXMLReporter -->
<testsuite hostname="01HW510223" name="TestPWCM" tests="5" failures="0" timestamp="18 May 2016 12:01:59 GMT" time="109.86" errors="0">
  <testcase name="test1" time="16.401" classname="com.dakinfotecz.pwcm.Sprint108"/>
  <testcase name="test2" time="0.138" classname="com.dakinfotecz.pwcm.Sprint108"/>
  <testcase name="test3" time="16.951" classname="com.dakinfotecz.pwcm.Sprint108"/>
  <testcase name="test4" time="46.405" classname="com.dakinfotecz.pwcm.Sprint110"/>
  <testcase name="Advreport" time="29.617" classname="com.dakinfotecz.pwcm.Openreports"/>
</testsuite> <!-- TestPWCM -->
