<?xml version="1.0" encoding="UTF-8"?>
<!-- Generated by org.testng.reporters.JUnitXMLReporter -->
<testsuite hostname="01HW510223" name="TestPWCM" tests="5" failures="0" timestamp="18 May 2016 12:36:45 GMT" time="73.948" errors="0">
  <testcase name="test1" time="15.065" classname="com.dakinfotecz.pwcm.Sprint108"/>
  <testcase name="test2" time="0.175" classname="com.dakinfotecz.pwcm.Sprint108"/>
  <testcase name="test3" time="14.86" classname="com.dakinfotecz.pwcm.Sprint108"/>
  <testcase name="test4" time="24.16" classname="com.dakinfotecz.pwcm.Sprint110"/>
  <testcase name="Advreport" time="19.326" classname="com.dakinfotecz.pwcm.Openreports"/>
</testsuite> <!-- TestPWCM -->
